<?xml version="1.0" encoding="UTF-8"?>
<testsuite xmlns:xsi="http://www.w3.org/2001/XMLSchema-instance" xsi:noNamespaceSchemaLocation="https://maven.apache.org/surefire/maven-surefire-plugin/xsd/surefire-test-report-3.0.xsd" version="3.0" name="ch.sbb.tms.platform.springbootstarter.solaceclientconfig.KeyStoreFactoryTest" time="0.153" tests="10" errors="0" skipped="0" failures="0">
  <properties>
    <property name="java.specification.version" value="18"/>
    <property name="sun.jnu.encoding" value="UTF-8"/>
    <property name="java.class.path" value="/Users/hari.rangarajan/Library/CloudStorage/OneDrive-SolaceCorporation/work/codebase/spring-boot-starter-solace-client-config/target/test-classes:/Users/hari.rangarajan/Library/CloudStorage/OneDrive-SolaceCorporation/work/codebase/spring-boot-starter-solace-client-config/target/classes:/Users/hari.rangarajan/.m2/repository/org/springframework/boot/spring-boot-starter/3.1.4/spring-boot-starter-3.1.4.jar:/Users/hari.rangarajan/.m2/repository/org/springframework/boot/spring-boot/3.1.4/spring-boot-3.1.4.jar:/Users/hari.rangarajan/.m2/repository/org/springframework/spring-context/6.0.12/spring-context-6.0.12.jar:/Users/hari.rangarajan/.m2/repository/org/springframework/spring-aop/6.0.12/spring-aop-6.0.12.jar:/Users/hari.rangarajan/.m2/repository/org/springframework/spring-beans/6.0.12/spring-beans-6.0.12.jar:/Users/hari.rangarajan/.m2/repository/org/springframework/spring-expression/6.0.12/spring-expression-6.0.12.jar:/Users/hari.rangarajan/.m2/repository/org/springframework/boot/spring-boot-starter-logging/3.1.4/spring-boot-starter-logging-3.1.4.jar:/Users/hari.rangarajan/.m2/repository/ch/qos/logback/logback-classic/1.4.11/logback-classic-1.4.11.jar:/Users/hari.rangarajan/.m2/repository/ch/qos/logback/logback-core/1.4.11/logback-core-1.4.11.jar:/Users/hari.rangarajan/.m2/repository/org/apache/logging/log4j/log4j-to-slf4j/2.20.0/log4j-to-slf4j-2.20.0.jar:/Users/hari.rangarajan/.m2/repository/org/apache/logging/log4j/log4j-api/2.20.0/log4j-api-2.20.0.jar:/Users/hari.rangarajan/.m2/repository/org/slf4j/jul-to-slf4j/2.0.9/jul-to-slf4j-2.0.9.jar:/Users/hari.rangarajan/.m2/repository/jakarta/annotation/jakarta.annotation-api/2.1.1/jakarta.annotation-api-2.1.1.jar:/Users/hari.rangarajan/.m2/repository/org/springframework/spring-core/6.0.12/spring-core-6.0.12.jar:/Users/hari.rangarajan/.m2/repository/org/springframework/spring-jcl/6.0.12/spring-jcl-6.0.12.jar:/Users/hari.rangarajan/.m2/repository/org/yaml/snakeyaml/2.1/snakeyaml-2.1.jar:/Users/hari.rangarajan/.m2/repository/com/solacesystems/sol-jcsmp/10.21.0/sol-jcsmp-10.21.0.jar:/Users/hari.rangarajan/.m2/repository/commons-logging/commons-logging/1.2/commons-logging-1.2.jar:/Users/hari.rangarajan/.m2/repository/org/osgi/org.osgi.annotation/6.0.0/org.osgi.annotation-6.0.0.jar:/Users/hari.rangarajan/.m2/repository/org/apache/servicemix/bundles/org.apache.servicemix.bundles.jzlib/1.0.7_2/org.apache.servicemix.bundles.jzlib-1.0.7_2.jar:/Users/hari.rangarajan/.m2/repository/com/solace/spring/boot/solace-java-spring-boot-autoconfigure/5.0.0/solace-java-spring-boot-autoconfigure-5.0.0.jar:/Users/hari.rangarajan/.m2/repository/org/springframework/boot/spring-boot-autoconfigure/3.1.4/spring-boot-autoconfigure-3.1.4.jar:/Users/hari.rangarajan/.m2/repository/com/solace/spring/cloud/spring-cloud-starter-stream-solace/4.0.0/spring-cloud-starter-stream-solace-4.0.0.jar:/Users/hari.rangarajan/.m2/repository/com/solace/spring/cloud/spring-cloud-stream-binder-solace/4.0.0/spring-cloud-stream-binder-solace-4.0.0.jar:/Users/hari.rangarajan/.m2/repository/com/solace/spring/cloud/spring-cloud-stream-binder-solace-core/4.0.0/spring-cloud-stream-binder-solace-core-4.0.0.jar:/Users/hari.rangarajan/.m2/repository/org/apache/commons/commons-lang3/3.12.0/commons-lang3-3.12.0.jar:/Users/hari.rangarajan/.m2/repository/com/solace/spring/boot/solace-java-spring-boot-starter/5.0.0/solace-java-spring-boot-starter-5.0.0.jar:/Users/hari.rangarajan/.m2/repository/org/springframework/cloud/spring-cloud-stream/4.0.2/spring-cloud-stream-4.0.2.jar:/Users/hari.rangarajan/.m2/repository/org/springframework/boot/spring-boot-starter-validation/3.1.4/spring-boot-starter-validation-3.1.4.jar:/Users/hari.rangarajan/.m2/repository/org/apache/tomcat/embed/tomcat-embed-el/10.1.13/tomcat-embed-el-10.1.13.jar:/Users/hari.rangarajan/.m2/repository/org/hibernate/validator/hibernate-validator/8.0.1.Final/hibernate-validator-8.0.1.Final.jar:/Users/hari.rangarajan/.m2/repository/jakarta/validation/jakarta.validation-api/3.0.2/jakarta.validation-api-3.0.2.jar:/Users/hari.rangarajan/.m2/repository/org/jboss/logging/jboss-logging/3.5.3.Final/jboss-logging-3.5.3.Final.jar:/Users/hari.rangarajan/.m2/repository/com/fasterxml/classmate/1.5.1/classmate-1.5.1.jar:/Users/hari.rangarajan/.m2/repository/org/springframework/spring-messaging/6.0.12/spring-messaging-6.0.12.jar:/Users/hari.rangarajan/.m2/repository/org/springframework/integration/spring-integration-core/6.1.3/spring-integration-core-6.1.3.jar:/Users/hari.rangarajan/.m2/repository/org/springframework/spring-tx/6.0.12/spring-tx-6.0.12.jar:/Users/hari.rangarajan/.m2/repository/io/projectreactor/reactor-core/3.5.10/reactor-core-3.5.10.jar:/Users/hari.rangarajan/.m2/repository/org/reactivestreams/reactive-streams/1.0.4/reactive-streams-1.0.4.jar:/Users/hari.rangarajan/.m2/repository/io/micrometer/micrometer-observation/1.11.4/micrometer-observation-1.11.4.jar:/Users/hari.rangarajan/.m2/repository/io/micrometer/micrometer-commons/1.11.4/micrometer-commons-1.11.4.jar:/Users/hari.rangarajan/.m2/repository/org/springframework/integration/spring-integration-jmx/6.1.3/spring-integration-jmx-6.1.3.jar:/Users/hari.rangarajan/.m2/repository/org/springframework/retry/spring-retry/2.0.3/spring-retry-2.0.3.jar:/Users/hari.rangarajan/.m2/repository/org/springframework/cloud/spring-cloud-function-context/4.0.2/spring-cloud-function-context-4.0.2.jar:/Users/hari.rangarajan/.m2/repository/net/jodah/typetools/0.6.2/typetools-0.6.2.jar:/Users/hari.rangarajan/.m2/repository/org/springframework/cloud/spring-cloud-function-core/4.0.2/spring-cloud-function-core-4.0.2.jar:/Users/hari.rangarajan/.m2/repository/com/fasterxml/jackson/core/jackson-databind/2.15.2/jackson-databind-2.15.2.jar:/Users/hari.rangarajan/.m2/repository/com/fasterxml/jackson/core/jackson-annotations/2.15.2/jackson-annotations-2.15.2.jar:/Users/hari.rangarajan/.m2/repository/com/fasterxml/jackson/core/jackson-core/2.15.2/jackson-core-2.15.2.jar:/Users/hari.rangarajan/.m2/repository/org/jetbrains/kotlin/kotlin-stdlib-jdk8/1.8.22/kotlin-stdlib-jdk8-1.8.22.jar:/Users/hari.rangarajan/.m2/repository/org/jetbrains/kotlin/kotlin-stdlib/1.8.22/kotlin-stdlib-1.8.22.jar:/Users/hari.rangarajan/.m2/repository/org/jetbrains/kotlin/kotlin-stdlib-common/1.8.22/kotlin-stdlib-common-1.8.22.jar:/Users/hari.rangarajan/.m2/repository/org/jetbrains/annotations/13.0/annotations-13.0.jar:/Users/hari.rangarajan/.m2/repository/org/jetbrains/kotlin/kotlin-stdlib-jdk7/1.8.22/kotlin-stdlib-jdk7-1.8.22.jar:/Users/hari.rangarajan/.m2/repository/org/springframework/boot/spring-boot-starter-test/3.1.4/spring-boot-starter-test-3.1.4.jar:/Users/hari.rangarajan/.m2/repository/org/springframework/boot/spring-boot-test/3.1.4/spring-boot-test-3.1.4.jar:/Users/hari.rangarajan/.m2/repository/org/springframework/boot/spring-boot-test-autoconfigure/3.1.4/spring-boot-test-autoconfigure-3.1.4.jar:/Users/hari.rangarajan/.m2/repository/com/jayway/jsonpath/json-path/2.8.0/json-path-2.8.0.jar:/Users/hari.rangarajan/.m2/repository/org/slf4j/slf4j-api/2.0.9/slf4j-api-2.0.9.jar:/Users/hari.rangarajan/.m2/repository/jakarta/xml/bind/jakarta.xml.bind-api/4.0.1/jakarta.xml.bind-api-4.0.1.jar:/Users/hari.rangarajan/.m2/repository/jakarta/activation/jakarta.activation-api/2.1.2/jakarta.activation-api-2.1.2.jar:/Users/hari.rangarajan/.m2/repository/net/minidev/json-smart/2.4.11/json-smart-2.4.11.jar:/Users/hari.rangarajan/.m2/repository/net/minidev/accessors-smart/2.4.11/accessors-smart-2.4.11.jar:/Users/hari.rangarajan/.m2/repository/org/ow2/asm/asm/9.3/asm-9.3.jar:/Users/hari.rangarajan/.m2/repository/org/assertj/assertj-core/3.24.2/assertj-core-3.24.2.jar:/Users/hari.rangarajan/.m2/repository/net/bytebuddy/byte-buddy/1.14.8/byte-buddy-1.14.8.jar:/Users/hari.rangarajan/.m2/repository/org/hamcrest/hamcrest/2.2/hamcrest-2.2.jar:/Users/hari.rangarajan/.m2/repository/org/junit/jupiter/junit-jupiter/5.9.3/junit-jupiter-5.9.3.jar:/Users/hari.rangarajan/.m2/repository/org/junit/jupiter/junit-jupiter-api/5.9.3/junit-jupiter-api-5.9.3.jar:/Users/hari.rangarajan/.m2/repository/org/opentest4j/opentest4j/1.2.0/opentest4j-1.2.0.jar:/Users/hari.rangarajan/.m2/repository/org/junit/platform/junit-platform-commons/1.9.3/junit-platform-commons-1.9.3.jar:/Users/hari.rangarajan/.m2/repository/org/apiguardian/apiguardian-api/1.1.2/apiguardian-api-1.1.2.jar:/Users/hari.rangarajan/.m2/repository/org/junit/jupiter/junit-jupiter-params/5.9.3/junit-jupiter-params-5.9.3.jar:/Users/hari.rangarajan/.m2/repository/org/junit/jupiter/junit-jupiter-engine/5.9.3/junit-jupiter-engine-5.9.3.jar:/Users/hari.rangarajan/.m2/repository/org/junit/platform/junit-platform-engine/1.9.3/junit-platform-engine-1.9.3.jar:/Users/hari.rangarajan/.m2/repository/org/mockito/mockito-core/5.3.1/mockito-core-5.3.1.jar:/Users/hari.rangarajan/.m2/repository/net/bytebuddy/byte-buddy-agent/1.14.8/byte-buddy-agent-1.14.8.jar:/Users/hari.rangarajan/.m2/repository/org/objenesis/objenesis/3.3/objenesis-3.3.jar:/Users/hari.rangarajan/.m2/repository/org/mockito/mockito-junit-jupiter/5.3.1/mockito-junit-jupiter-5.3.1.jar:/Users/hari.rangarajan/.m2/repository/org/skyscreamer/jsonassert/1.5.1/jsonassert-1.5.1.jar:/Users/hari.rangarajan/.m2/repository/com/vaadin/external/google/android-json/0.0.20131108.vaadin1/android-json-0.0.20131108.vaadin1.jar:/Users/hari.rangarajan/.m2/repository/org/springframework/spring-test/6.0.12/spring-test-6.0.12.jar:/Users/hari.rangarajan/.m2/repository/org/xmlunit/xmlunit-core/2.9.1/xmlunit-core-2.9.1.jar:"/>
    <property name="java.vm.vendor" value="Eclipse Adoptium"/>
    <property name="sun.arch.data.model" value="64"/>
    <property name="java.vendor.url" value="https://adoptium.net/"/>
    <property name="user.timezone" value="Europe/Amsterdam"/>
    <property name="os.name" value="Mac OS X"/>
    <property name="java.vm.specification.version" value="18"/>
    <property name="sun.java.launcher" value="SUN_STANDARD"/>
    <property name="user.country" value="NL"/>
    <property name="sun.boot.library.path" value="/Users/hari.rangarajan/.sdkman/candidates/java/18.0.1-tem/lib"/>
    <property name="sun.java.command" value="/Users/hari.rangarajan/Library/CloudStorage/OneDrive-SolaceCorporation/work/codebase/spring-boot-starter-solace-client-config/target/surefire/surefirebooter-20231101135451950_3.jar /Users/hari.rangarajan/Library/CloudStorage/OneDrive-SolaceCorporation/work/codebase/spring-boot-starter-solace-client-config/target/surefire 2023-11-01T13-54-51_899-jvmRun1 surefire-20231101135451950_1tmp surefire_0-20231101135451950_2tmp"/>
    <property name="http.nonProxyHosts" value="local|*.local|169.254/16|*.169.254/16"/>
    <property name="jdk.debug" value="release"/>
    <property name="surefire.test.class.path" value="/Users/hari.rangarajan/Library/CloudStorage/OneDrive-SolaceCorporation/work/codebase/spring-boot-starter-solace-client-config/target/test-classes:/Users/hari.rangarajan/Library/CloudStorage/OneDrive-SolaceCorporation/work/codebase/spring-boot-starter-solace-client-config/target/classes:/Users/hari.rangarajan/.m2/repository/org/springframework/boot/spring-boot-starter/3.1.4/spring-boot-starter-3.1.4.jar:/Users/hari.rangarajan/.m2/repository/org/springframework/boot/spring-boot/3.1.4/spring-boot-3.1.4.jar:/Users/hari.rangarajan/.m2/repository/org/springframework/spring-context/6.0.12/spring-context-6.0.12.jar:/Users/hari.rangarajan/.m2/repository/org/springframework/spring-aop/6.0.12/spring-aop-6.0.12.jar:/Users/hari.rangarajan/.m2/repository/org/springframework/spring-beans/6.0.12/spring-beans-6.0.12.jar:/Users/hari.rangarajan/.m2/repository/org/springframework/spring-expression/6.0.12/spring-expression-6.0.12.jar:/Users/hari.rangarajan/.m2/repository/org/springframework/boot/spring-boot-starter-logging/3.1.4/spring-boot-starter-logging-3.1.4.jar:/Users/hari.rangarajan/.m2/repository/ch/qos/logback/logback-classic/1.4.11/logback-classic-1.4.11.jar:/Users/hari.rangarajan/.m2/repository/ch/qos/logback/logback-core/1.4.11/logback-core-1.4.11.jar:/Users/hari.rangarajan/.m2/repository/org/apache/logging/log4j/log4j-to-slf4j/2.20.0/log4j-to-slf4j-2.20.0.jar:/Users/hari.rangarajan/.m2/repository/org/apache/logging/log4j/log4j-api/2.20.0/log4j-api-2.20.0.jar:/Users/hari.rangarajan/.m2/repository/org/slf4j/jul-to-slf4j/2.0.9/jul-to-slf4j-2.0.9.jar:/Users/hari.rangarajan/.m2/repository/jakarta/annotation/jakarta.annotation-api/2.1.1/jakarta.annotation-api-2.1.1.jar:/Users/hari.rangarajan/.m2/repository/org/springframework/spring-core/6.0.12/spring-core-6.0.12.jar:/Users/hari.rangarajan/.m2/repository/org/springframework/spring-jcl/6.0.12/spring-jcl-6.0.12.jar:/Users/hari.rangarajan/.m2/repository/org/yaml/snakeyaml/2.1/snakeyaml-2.1.jar:/Users/hari.rangarajan/.m2/repository/com/solacesystems/sol-jcsmp/10.21.0/sol-jcsmp-10.21.0.jar:/Users/hari.rangarajan/.m2/repository/commons-logging/commons-logging/1.2/commons-logging-1.2.jar:/Users/hari.rangarajan/.m2/repository/org/osgi/org.osgi.annotation/6.0.0/org.osgi.annotation-6.0.0.jar:/Users/hari.rangarajan/.m2/repository/org/apache/servicemix/bundles/org.apache.servicemix.bundles.jzlib/1.0.7_2/org.apache.servicemix.bundles.jzlib-1.0.7_2.jar:/Users/hari.rangarajan/.m2/repository/com/solace/spring/boot/solace-java-spring-boot-autoconfigure/5.0.0/solace-java-spring-boot-autoconfigure-5.0.0.jar:/Users/hari.rangarajan/.m2/repository/org/springframework/boot/spring-boot-autoconfigure/3.1.4/spring-boot-autoconfigure-3.1.4.jar:/Users/hari.rangarajan/.m2/repository/com/solace/spring/cloud/spring-cloud-starter-stream-solace/4.0.0/spring-cloud-starter-stream-solace-4.0.0.jar:/Users/hari.rangarajan/.m2/repository/com/solace/spring/cloud/spring-cloud-stream-binder-solace/4.0.0/spring-cloud-stream-binder-solace-4.0.0.jar:/Users/hari.rangarajan/.m2/repository/com/solace/spring/cloud/spring-cloud-stream-binder-solace-core/4.0.0/spring-cloud-stream-binder-solace-core-4.0.0.jar:/Users/hari.rangarajan/.m2/repository/org/apache/commons/commons-lang3/3.12.0/commons-lang3-3.12.0.jar:/Users/hari.rangarajan/.m2/repository/com/solace/spring/boot/solace-java-spring-boot-starter/5.0.0/solace-java-spring-boot-starter-5.0.0.jar:/Users/hari.rangarajan/.m2/repository/org/springframework/cloud/spring-cloud-stream/4.0.2/spring-cloud-stream-4.0.2.jar:/Users/hari.rangarajan/.m2/repository/org/springframework/boot/spring-boot-starter-validation/3.1.4/spring-boot-starter-validation-3.1.4.jar:/Users/hari.rangarajan/.m2/repository/org/apache/tomcat/embed/tomcat-embed-el/10.1.13/tomcat-embed-el-10.1.13.jar:/Users/hari.rangarajan/.m2/repository/org/hibernate/validator/hibernate-validator/8.0.1.Final/hibernate-validator-8.0.1.Final.jar:/Users/hari.rangarajan/.m2/repository/jakarta/validation/jakarta.validation-api/3.0.2/jakarta.validation-api-3.0.2.jar:/Users/hari.rangarajan/.m2/repository/org/jboss/logging/jboss-logging/3.5.3.Final/jboss-logging-3.5.3.Final.jar:/Users/hari.rangarajan/.m2/repository/com/fasterxml/classmate/1.5.1/classmate-1.5.1.jar:/Users/hari.rangarajan/.m2/repository/org/springframework/spring-messaging/6.0.12/spring-messaging-6.0.12.jar:/Users/hari.rangarajan/.m2/repository/org/springframework/integration/spring-integration-core/6.1.3/spring-integration-core-6.1.3.jar:/Users/hari.rangarajan/.m2/repository/org/springframework/spring-tx/6.0.12/spring-tx-6.0.12.jar:/Users/hari.rangarajan/.m2/repository/io/projectreactor/reactor-core/3.5.10/reactor-core-3.5.10.jar:/Users/hari.rangarajan/.m2/repository/org/reactivestreams/reactive-streams/1.0.4/reactive-streams-1.0.4.jar:/Users/hari.rangarajan/.m2/repository/io/micrometer/micrometer-observation/1.11.4/micrometer-observation-1.11.4.jar:/Users/hari.rangarajan/.m2/repository/io/micrometer/micrometer-commons/1.11.4/micrometer-commons-1.11.4.jar:/Users/hari.rangarajan/.m2/repository/org/springframework/integration/spring-integration-jmx/6.1.3/spring-integration-jmx-6.1.3.jar:/Users/hari.rangarajan/.m2/repository/org/springframework/retry/spring-retry/2.0.3/spring-retry-2.0.3.jar:/Users/hari.rangarajan/.m2/repository/org/springframework/cloud/spring-cloud-function-context/4.0.2/spring-cloud-function-context-4.0.2.jar:/Users/hari.rangarajan/.m2/repository/net/jodah/typetools/0.6.2/typetools-0.6.2.jar:/Users/hari.rangarajan/.m2/repository/org/springframework/cloud/spring-cloud-function-core/4.0.2/spring-cloud-function-core-4.0.2.jar:/Users/hari.rangarajan/.m2/repository/com/fasterxml/jackson/core/jackson-databind/2.15.2/jackson-databind-2.15.2.jar:/Users/hari.rangarajan/.m2/repository/com/fasterxml/jackson/core/jackson-annotations/2.15.2/jackson-annotations-2.15.2.jar:/Users/hari.rangarajan/.m2/repository/com/fasterxml/jackson/core/jackson-core/2.15.2/jackson-core-2.15.2.jar:/Users/hari.rangarajan/.m2/repository/org/jetbrains/kotlin/kotlin-stdlib-jdk8/1.8.22/kotlin-stdlib-jdk8-1.8.22.jar:/Users/hari.rangarajan/.m2/repository/org/jetbrains/kotlin/kotlin-stdlib/1.8.22/kotlin-stdlib-1.8.22.jar:/Users/hari.rangarajan/.m2/repository/org/jetbrains/kotlin/kotlin-stdlib-common/1.8.22/kotlin-stdlib-common-1.8.22.jar:/Users/hari.rangarajan/.m2/repository/org/jetbrains/annotations/13.0/annotations-13.0.jar:/Users/hari.rangarajan/.m2/repository/org/jetbrains/kotlin/kotlin-stdlib-jdk7/1.8.22/kotlin-stdlib-jdk7-1.8.22.jar:/Users/hari.rangarajan/.m2/repository/org/springframework/boot/spring-boot-starter-test/3.1.4/spring-boot-starter-test-3.1.4.jar:/Users/hari.rangarajan/.m2/repository/org/springframework/boot/spring-boot-test/3.1.4/spring-boot-test-3.1.4.jar:/Users/hari.rangarajan/.m2/repository/org/springframework/boot/spring-boot-test-autoconfigure/3.1.4/spring-boot-test-autoconfigure-3.1.4.jar:/Users/hari.rangarajan/.m2/repository/com/jayway/jsonpath/json-path/2.8.0/json-path-2.8.0.jar:/Users/hari.rangarajan/.m2/repository/org/slf4j/slf4j-api/2.0.9/slf4j-api-2.0.9.jar:/Users/hari.rangarajan/.m2/repository/jakarta/xml/bind/jakarta.xml.bind-api/4.0.1/jakarta.xml.bind-api-4.0.1.jar:/Users/hari.rangarajan/.m2/repository/jakarta/activation/jakarta.activation-api/2.1.2/jakarta.activation-api-2.1.2.jar:/Users/hari.rangarajan/.m2/repository/net/minidev/json-smart/2.4.11/json-smart-2.4.11.jar:/Users/hari.rangarajan/.m2/repository/net/minidev/accessors-smart/2.4.11/accessors-smart-2.4.11.jar:/Users/hari.rangarajan/.m2/repository/org/ow2/asm/asm/9.3/asm-9.3.jar:/Users/hari.rangarajan/.m2/repository/org/assertj/assertj-core/3.24.2/assertj-core-3.24.2.jar:/Users/hari.rangarajan/.m2/repository/net/bytebuddy/byte-buddy/1.14.8/byte-buddy-1.14.8.jar:/Users/hari.rangarajan/.m2/repository/org/hamcrest/hamcrest/2.2/hamcrest-2.2.jar:/Users/hari.rangarajan/.m2/repository/org/junit/jupiter/junit-jupiter/5.9.3/junit-jupiter-5.9.3.jar:/Users/hari.rangarajan/.m2/repository/org/junit/jupiter/junit-jupiter-api/5.9.3/junit-jupiter-api-5.9.3.jar:/Users/hari.rangarajan/.m2/repository/org/opentest4j/opentest4j/1.2.0/opentest4j-1.2.0.jar:/Users/hari.rangarajan/.m2/repository/org/junit/platform/junit-platform-commons/1.9.3/junit-platform-commons-1.9.3.jar:/Users/hari.rangarajan/.m2/repository/org/apiguardian/apiguardian-api/1.1.2/apiguardian-api-1.1.2.jar:/Users/hari.rangarajan/.m2/repository/org/junit/jupiter/junit-jupiter-params/5.9.3/junit-jupiter-params-5.9.3.jar:/Users/hari.rangarajan/.m2/repository/org/junit/jupiter/junit-jupiter-engine/5.9.3/junit-jupiter-engine-5.9.3.jar:/Users/hari.rangarajan/.m2/repository/org/junit/platform/junit-platform-engine/1.9.3/junit-platform-engine-1.9.3.jar:/Users/hari.rangarajan/.m2/repository/org/mockito/mockito-core/5.3.1/mockito-core-5.3.1.jar:/Users/hari.rangarajan/.m2/repository/net/bytebuddy/byte-buddy-agent/1.14.8/byte-buddy-agent-1.14.8.jar:/Users/hari.rangarajan/.m2/repository/org/objenesis/objenesis/3.3/objenesis-3.3.jar:/Users/hari.rangarajan/.m2/repository/org/mockito/mockito-junit-jupiter/5.3.1/mockito-junit-jupiter-5.3.1.jar:/Users/hari.rangarajan/.m2/repository/org/skyscreamer/jsonassert/1.5.1/jsonassert-1.5.1.jar:/Users/hari.rangarajan/.m2/repository/com/vaadin/external/google/android-json/0.0.20131108.vaadin1/android-json-0.0.20131108.vaadin1.jar:/Users/hari.rangarajan/.m2/repository/org/springframework/spring-test/6.0.12/spring-test-6.0.12.jar:/Users/hari.rangarajan/.m2/repository/org/xmlunit/xmlunit-core/2.9.1/xmlunit-core-2.9.1.jar:"/>
    <property name="sun.cpu.endian" value="little"/>
    <property name="user.home" value="/Users/hari.rangarajan"/>
    <property name="user.language" value="en"/>
    <property name="java.specification.vendor" value="Oracle Corporation"/>
    <property name="java.version.date" value="2022-04-19"/>
    <property name="java.home" value="/Users/hari.rangarajan/.sdkman/candidates/java/18.0.1-tem"/>
    <property name="file.separator" value="/"/>
    <property name="basedir" value="/Users/hari.rangarajan/Library/CloudStorage/OneDrive-SolaceCorporation/work/codebase/spring-boot-starter-solace-client-config"/>
    <property name="java.vm.compressedOopsMode" value="Zero based"/>
    <property name="line.separator" value="&#10;"/>
    <property name="java.vm.specification.vendor" value="Oracle Corporation"/>
    <property name="java.specification.name" value="Java Platform API Specification"/>
    <property name="apple.awt.application.name" value="ForkedBooter"/>
    <property name="surefire.real.class.path" value="/Users/hari.rangarajan/Library/CloudStorage/OneDrive-SolaceCorporation/work/codebase/spring-boot-starter-solace-client-config/target/surefire/surefirebooter-20231101135451950_3.jar"/>
    <property name="sun.management.compiler" value="HotSpot 64-Bit Tiered Compilers"/>
    <property name="ftp.nonProxyHosts" value="local|*.local|169.254/16|*.169.254/16"/>
    <property name="java.runtime.version" value="18.0.1+10"/>
    <property name="user.name" value="hari.rangarajan"/>
    <property name="path.separator" value=":"/>
    <property name="os.version" value="14.1"/>
    <property name="java.runtime.name" value="OpenJDK Runtime Environment"/>
    <property name="file.encoding" value="UTF-8"/>
    <property name="java.vm.name" value="OpenJDK 64-Bit Server VM"/>
    <property name="java.vendor.version" value="Temurin-18.0.1+10"/>
    <property name="localRepository" value="/Users/hari.rangarajan/.m2/repository"/>
    <property name="java.vendor.url.bug" value="https://github.com/adoptium/adoptium-support/issues"/>
    <property name="java.io.tmpdir" value="/var/folders/k5/tfcgsv7977jbmdjlfn_zzs2w0000gn/T/"/>
    <property name="java.version" value="18.0.1"/>
    <property name="user.dir" value="/Users/hari.rangarajan/Library/CloudStorage/OneDrive-SolaceCorporation/work/codebase/spring-boot-starter-solace-client-config"/>
    <property name="os.arch" value="aarch64"/>
    <property name="java.vm.specification.name" value="Java Virtual Machine Specification"/>
    <property name="native.encoding" value="UTF-8"/>
    <property name="java.library.path" value="/Users/hari.rangarajan/Library/Java/Extensions:/Library/Java/Extensions:/Network/Library/Java/Extensions:/System/Library/Java/Extensions:/usr/lib/java:."/>
    <property name="java.vm.info" value="mixed mode"/>
    <property name="java.vendor" value="Eclipse Adoptium"/>
    <property name="java.vm.version" value="18.0.1+10"/>
    <property name="sun.io.unicode.encoding" value="UnicodeBig"/>
    <property name="socksNonProxyHosts" value="local|*.local|169.254/16|*.169.254/16"/>
    <property name="java.class.version" value="62.0"/>
  </properties>
  <testcase name="createTrustStore_mustCreateKeyStoreObjectWithCertificates_whenCertificatesTypeCorrect" classname="ch.sbb.tms.platform.springbootstarter.solaceclientconfig.KeyStoreFactoryTest" time="0.079"/>
  <testcase name="createTrustStore_mustThrowException_whenCertificatesTypeIncorrect" classname="ch.sbb.tms.platform.springbootstarter.solaceclientconfig.KeyStoreFactoryTest" time="0.001"/>
  <testcase name="createClientKeyStore_mustThrowException_whenCertificatesTypeIncorrect" classname="ch.sbb.tms.platform.springbootstarter.solaceclientconfig.KeyStoreFactoryTest" time="0.002"/>
  <testcase name="createClientKeyStore_mustRethrowIOException_always" classname="ch.sbb.tms.platform.springbootstarter.solaceclientconfig.KeyStoreFactoryTest" time="0.002"/>
  <testcase name="createTrustStore_mustRethrowCertificateException_always" classname="ch.sbb.tms.platform.springbootstarter.solaceclientconfig.KeyStoreFactoryTest" time="0.001"/>
  <testcase name="createClientKeyStore_mustRethrowInvalidKeySpecException_always" classname="ch.sbb.tms.platform.springbootstarter.solaceclientconfig.KeyStoreFactoryTest" time="0.001"/>
  <testcase name="createClientKeyStore_mustRethrowNoSuchAlgorithmException_always" classname="ch.sbb.tms.platform.springbootstarter.solaceclientconfig.KeyStoreFactoryTest" time="0.001"/>
  <testcase name="createClientKeyStore_mustRethrowCertificateException_always" classname="ch.sbb.tms.platform.springbootstarter.solaceclientconfig.KeyStoreFactoryTest" time="0.001"/>
  <testcase name="createClientKeyStore_mustCreateKeyStoreObjectWithCertificates_whenCertificatesTypeCorrect" classname="ch.sbb.tms.platform.springbootstarter.solaceclientconfig.KeyStoreFactoryTest" time="0.06"/>
  <testcase name="createTrustStore_mustRethrowIOException_always" classname="ch.sbb.tms.platform.springbootstarter.solaceclientconfig.KeyStoreFactoryTest" time="0.001"/>
</testsuite>